# JRE version: Java(TM) SE Runtime Environment (8.0_181-b13) (build 1.8.0_181-b13)
# Java VM: Java HotSpot(TM) 64-Bit Server VM (25.181-b13 mixed mode windows-amd64 compressed oops)
Heap:
 PSYoungGen      total 76288K, used 40919K [0x000000076ae00000, 0x0000000770300000, 0x00000007c0000000)
  eden space 65536K, 62% used [0x000000076ae00000,0x000000076d5f5d68,0x000000076ee00000)
  from space 10752K, 0% used [0x000000076ee00000,0x000000076ee00000,0x000000076f880000)
  to   space 10752K, 0% used [0x000000076f880000,0x000000076f880000,0x0000000770300000)
 ParOldGen       total 74240K, used 8217K [0x00000006c0a00000, 0x00000006c5280000, 0x000000076ae00000)
  object space 74240K, 11% used [0x00000006c0a00000,0x00000006c1206778,0x00000006c5280000)
 Metaspace       used 24263K, capacity 24712K, committed 25088K, reserved 1071104K
  class space    used 3163K, capacity 3281K, committed 3328K, reserved 1048576K
GC Heap History (8 events):
Event: 1.043 GC heap before
{Heap before GC invocations=1 (full 0):
 PSYoungGen      total 76288K, used 65536K [0x000000076ae00000, 0x0000000770300000, 0x00000007c0000000)
  eden space 65536K, 100% used [0x000000076ae00000,0x000000076ee00000,0x000000076ee00000)
  from space 10752K, 0% used [0x000000076f880000,0x000000076f880000,0x0000000770300000)
  to   space 10752K, 0% used [0x000000076ee00000,0x000000076ee00000,0x000000076f880000)
 ParOldGen       total 175104K, used 0K [0x00000006c0a00000, 0x00000006cb500000, 0x000000076ae00000)
  object space 175104K, 0% used [0x00000006c0a00000,0x00000006c0a000e0,0x00000006cb500000)
 Metaspace       used 13485K, capacity 13742K, committed 13952K, reserved 1060864K
  class space    used 1705K, capacity 1803K, committed 1920K, reserved 1048576K
Event: 1.048 GC heap after
Heap after GC invocations=1 (full 0):
 PSYoungGen      total 76288K, used 6761K [0x000000076ae00000, 0x0000000770300000, 0x00000007c0000000)
  eden space 65536K, 0% used [0x000000076ae00000,0x000000076ae00000,0x000000076ee00000)
  from space 10752K, 62% used [0x000000076ee00000,0x000000076f49a718,0x000000076f880000)
  to   space 10752K, 0% used [0x000000076f880000,0x000000076f880000,0x0000000770300000)
 ParOldGen       total 175104K, used 80K [0x00000006c0a00000, 0x00000006cb500000, 0x000000076ae00000)
  object space 175104K, 0% used [0x00000006c0a00000,0x00000006c0a140f0,0x00000006cb500000)
 Metaspace       used 13485K, capacity 13742K, committed 13952K, reserved 1060864K
  class space    used 1705K, capacity 1803K, committed 1920K, reserved 1048576K
}
Event: 1.370 GC heap before
{Heap before GC invocations=2 (full 0):
 PSYoungGen      total 76288K, used 72297K [0x000000076ae00000, 0x0000000770300000, 0x00000007c0000000)
  eden space 65536K, 100% used [0x000000076ae00000,0x000000076ee00000,0x000000076ee00000)
  from space 10752K, 62% used [0x000000076ee00000,0x000000076f49a718,0x000000076f880000)
  to   space 10752K, 0% used [0x000000076f880000,0x000000076f880000,0x0000000770300000)
 ParOldGen       total 175104K, used 83K [0x00000006c0a00000, 0x00000006cb500000, 0x000000076ae00000)
  object space 175104K, 0% used [0x00000006c0a00000,0x00000006c0a14fb0,0x00000006cb500000)
 Metaspace       used 17341K, capacity 17630K, committed 18048K, reserved 1064960K
  class space    used 2236K, capacity 2327K, committed 2432K, reserved 1048576K
Event: 1.375 GC heap after
Heap after GC invocations=2 (full 0):
 PSYoungGen      total 76288K, used 8019K [0x000000076ae00000, 0x0000000770300000, 0x00000007c0000000)
  eden space 65536K, 0% used [0x000000076ae00000,0x000000076ae00000,0x000000076ee00000)
  from space 10752K, 74% used [0x000000076f880000,0x0000000770054c30,0x0000000770300000)
  to   space 10752K, 0% used [0x000000076ee00000,0x000000076ee00000,0x000000076f880000)
 ParOldGen       total 175104K, used 91K [0x00000006c0a00000, 0x00000006cb500000, 0x000000076ae00000)
  object space 175104K, 0% used [0x00000006c0a00000,0x00000006c0a16fb0,0x00000006cb500000)
 Metaspace       used 17341K, capacity 17630K, committed 18048K, reserved 1064960K
  class space    used 2236K, capacity 2327K, committed 2432K, reserved 1048576K
}
Event: 10.647 GC heap before
{Heap before GC invocations=3 (full 0):
 PSYoungGen      total 76288K, used 45384K [0x000000076ae00000, 0x0000000770300000, 0x00000007c0000000)
  eden space 65536K, 57% used [0x000000076ae00000,0x000000076d27d6b0,0x000000076ee00000)
  from space 10752K, 74% used [0x000000076f880000,0x0000000770054c30,0x0000000770300000)
  to   space 10752K, 0% used [0x000000076ee00000,0x000000076ee00000,0x000000076f880000)
 ParOldGen       total 175104K, used 91K [0x00000006c0a00000, 0x00000006cb500000, 0x000000076ae00000)
  object space 175104K, 0% used [0x00000006c0a00000,0x00000006c0a16fb0,0x00000006cb500000)
 Metaspace       used 20778K, capacity 21100K, committed 21248K, reserved 1067008K
  class space    used 2687K, capacity 2768K, committed 2816K, reserved 1048576K
Event: 10.652 GC heap after
Heap after GC invocations=3 (full 0):
 PSYoungGen      total 76288K, used 8359K [0x000000076ae00000, 0x0000000770300000, 0x00000007c0000000)
  eden space 65536K, 0% used [0x000000076ae00000,0x000000076ae00000,0x000000076ee00000)
  from space 10752K, 77% used [0x000000076ee00000,0x000000076f629ed0,0x000000076f880000)
  to   space 10752K, 0% used [0x000000076f880000,0x000000076f880000,0x0000000770300000)
 ParOldGen       total 175104K, used 99K [0x00000006c0a00000, 0x00000006cb500000, 0x000000076ae00000)
  object space 175104K, 0% used [0x00000006c0a00000,0x00000006c0a18fb0,0x00000006cb500000)
 Metaspace       used 20778K, capacity 21100K, committed 21248K, reserved 1067008K
  class space    used 2687K, capacity 2768K, committed 2816K, reserved 1048576K
}
Event: 10.652 GC heap before
{Heap before GC invocations=4 (full 1):
 PSYoungGen      total 76288K, used 8359K [0x000000076ae00000, 0x0000000770300000, 0x00000007c0000000)
  eden space 65536K, 0% used [0x000000076ae00000,0x000000076ae00000,0x000000076ee00000)
  from space 10752K, 77% used [0x000000076ee00000,0x000000076f629ed0,0x000000076f880000)
  to   space 10752K, 0% used [0x000000076f880000,0x000000076f880000,0x0000000770300000)
 ParOldGen       total 175104K, used 99K [0x00000006c0a00000, 0x00000006cb500000, 0x000000076ae00000)
  object space 175104K, 0% used [0x00000006c0a00000,0x00000006c0a18fb0,0x00000006cb500000)
 Metaspace       used 20778K, capacity 21100K, committed 21248K, reserved 1067008K
  class space    used 2687K, capacity 2768K, committed 2816K, reserved 1048576K
Event: 10.671 GC heap after
Heap after GC invocations=4 (full 1):
 PSYoungGen      total 76288K, used 0K [0x000000076ae00000, 0x0000000770300000, 0x00000007c0000000)
  eden space 65536K, 0% used [0x000000076ae00000,0x000000076ae00000,0x000000076ee00000)
  from space 10752K, 0% used [0x000000076ee00000,0x000000076ee00000,0x000000076f880000)
  to   space 10752K, 0% used [0x000000076f880000,0x000000076f880000,0x0000000770300000)
 ParOldGen       total 74240K, used 8217K [0x00000006c0a00000, 0x00000006c5280000, 0x000000076ae00000)
  object space 74240K, 11% used [0x00000006c0a00000,0x00000006c1206778,0x00000006c5280000)
 Metaspace       used 20778K, capacity 21100K, committed 21248K, reserved 1067008K
  class space    used 2687K, capacity 2768K, committed 2816K, reserved 1048576K
}

