# JRE version: Java(TM) SE Runtime Environment (8.0_181-b13) (build 1.8.0_181-b13)
# Java VM: Java HotSpot(TM) 64-Bit Server VM (25.181-b13 mixed mode windows-amd64 compressed oops)
Heap:
 PSYoungGen      total 76288K, used 20268K [0x000000076ae00000, 0x0000000770300000, 0x00000007c0000000)
  eden space 65536K, 30% used [0x000000076ae00000,0x000000076c1cb090,0x000000076ee00000)
  from space 10752K, 0% used [0x000000076ee00000,0x000000076ee00000,0x000000076f880000)
  to   space 10752K, 0% used [0x000000076f880000,0x000000076f880000,0x0000000770300000)
 ParOldGen       total 88064K, used 8244K [0x00000006c0a00000, 0x00000006c6000000, 0x000000076ae00000)
  object space 88064K, 9% used [0x00000006c0a00000,0x00000006c120d170,0x00000006c6000000)
 Metaspace       used 21899K, capacity 22304K, committed 22656K, reserved 1069056K
  class space    used 2821K, capacity 2932K, committed 2944K, reserved 1048576K
GC Heap History (8 events):
Event: 0.812 GC heap before
{Heap before GC invocations=1 (full 0):
 PSYoungGen      total 76288K, used 65536K [0x000000076ae00000, 0x0000000770300000, 0x00000007c0000000)
  eden space 65536K, 100% used [0x000000076ae00000,0x000000076ee00000,0x000000076ee00000)
  from space 10752K, 0% used [0x000000076f880000,0x000000076f880000,0x0000000770300000)
  to   space 10752K, 0% used [0x000000076ee00000,0x000000076ee00000,0x000000076f880000)
 ParOldGen       total 175104K, used 0K [0x00000006c0a00000, 0x00000006cb500000, 0x000000076ae00000)
  object space 175104K, 0% used [0x00000006c0a00000,0x00000006c0a00000,0x00000006cb500000)
 Metaspace       used 13539K, capacity 13780K, committed 13952K, reserved 1060864K
  class space    used 1716K, capacity 1796K, committed 1920K, reserved 1048576K
Event: 0.819 GC heap after
Heap after GC invocations=1 (full 0):
 PSYoungGen      total 76288K, used 6460K [0x000000076ae00000, 0x0000000770300000, 0x00000007c0000000)
  eden space 65536K, 0% used [0x000000076ae00000,0x000000076ae00000,0x000000076ee00000)
  from space 10752K, 60% used [0x000000076ee00000,0x000000076f44f260,0x000000076f880000)
  to   space 10752K, 0% used [0x000000076f880000,0x000000076f880000,0x0000000770300000)
 ParOldGen       total 175104K, used 72K [0x00000006c0a00000, 0x00000006cb500000, 0x000000076ae00000)
  object space 175104K, 0% used [0x00000006c0a00000,0x00000006c0a12010,0x00000006cb500000)
 Metaspace       used 13539K, capacity 13780K, committed 13952K, reserved 1060864K
  class space    used 1716K, capacity 1796K, committed 1920K, reserved 1048576K
}
Event: 1.203 GC heap before
{Heap before GC invocations=2 (full 0):
 PSYoungGen      total 76288K, used 71996K [0x000000076ae00000, 0x0000000770300000, 0x00000007c0000000)
  eden space 65536K, 100% used [0x000000076ae00000,0x000000076ee00000,0x000000076ee00000)
  from space 10752K, 60% used [0x000000076ee00000,0x000000076f44f260,0x000000076f880000)
  to   space 10752K, 0% used [0x000000076f880000,0x000000076f880000,0x0000000770300000)
 ParOldGen       total 175104K, used 72K [0x00000006c0a00000, 0x00000006cb500000, 0x000000076ae00000)
  object space 175104K, 0% used [0x00000006c0a00000,0x00000006c0a12010,0x00000006cb500000)
 Metaspace       used 17293K, capacity 17598K, committed 17920K, reserved 1064960K
  class space    used 2222K, capacity 2295K, committed 2304K, reserved 1048576K
Event: 1.210 GC heap after
Heap after GC invocations=2 (full 0):
 PSYoungGen      total 76288K, used 8089K [0x000000076ae00000, 0x0000000774300000, 0x00000007c0000000)
  eden space 65536K, 0% used [0x000000076ae00000,0x000000076ae00000,0x000000076ee00000)
  from space 10752K, 75% used [0x000000076f880000,0x00000007700667f8,0x0000000770300000)
  to   space 10752K, 0% used [0x000000076ee00000,0x000000076ee00000,0x000000076f880000)
 ParOldGen       total 175104K, used 88K [0x00000006c0a00000, 0x00000006cb500000, 0x000000076ae00000)
  object space 175104K, 0% used [0x00000006c0a00000,0x00000006c0a16010,0x00000006cb500000)
 Metaspace       used 17293K, capacity 17598K, committed 17920K, reserved 1064960K
  class space    used 2222K, capacity 2295K, committed 2304K, reserved 1048576K
}
Event: 10.492 GC heap before
{Heap before GC invocations=3 (full 0):
 PSYoungGen      total 76288K, used 49018K [0x000000076ae00000, 0x0000000774300000, 0x00000007c0000000)
  eden space 65536K, 62% used [0x000000076ae00000,0x000000076d5f81e0,0x000000076ee00000)
  from space 10752K, 75% used [0x000000076f880000,0x00000007700667f8,0x0000000770300000)
  to   space 10752K, 0% used [0x000000076ee00000,0x000000076ee00000,0x000000076f880000)
 ParOldGen       total 175104K, used 88K [0x00000006c0a00000, 0x00000006cb500000, 0x000000076ae00000)
  object space 175104K, 0% used [0x00000006c0a00000,0x00000006c0a16010,0x00000006cb500000)
 Metaspace       used 20791K, capacity 21100K, committed 21248K, reserved 1067008K
  class space    used 2682K, capacity 2768K, committed 2816K, reserved 1048576K
Event: 10.499 GC heap after
Heap after GC invocations=3 (full 0):
 PSYoungGen      total 76288K, used 8387K [0x000000076ae00000, 0x0000000770300000, 0x00000007c0000000)
  eden space 65536K, 0% used [0x000000076ae00000,0x000000076ae00000,0x000000076ee00000)
  from space 10752K, 78% used [0x000000076ee00000,0x000000076f630fb0,0x000000076f880000)
  to   space 10752K, 0% used [0x000000076f880000,0x000000076f880000,0x0000000770300000)
 ParOldGen       total 175104K, used 96K [0x00000006c0a00000, 0x00000006cb500000, 0x000000076ae00000)
  object space 175104K, 0% used [0x00000006c0a00000,0x00000006c0a18010,0x00000006cb500000)
 Metaspace       used 20791K, capacity 21100K, committed 21248K, reserved 1067008K
  class space    used 2682K, capacity 2768K, committed 2816K, reserved 1048576K
}
Event: 10.499 GC heap before
{Heap before GC invocations=4 (full 1):
 PSYoungGen      total 76288K, used 8387K [0x000000076ae00000, 0x0000000770300000, 0x00000007c0000000)
  eden space 65536K, 0% used [0x000000076ae00000,0x000000076ae00000,0x000000076ee00000)
  from space 10752K, 78% used [0x000000076ee00000,0x000000076f630fb0,0x000000076f880000)
  to   space 10752K, 0% used [0x000000076f880000,0x000000076f880000,0x0000000770300000)
 ParOldGen       total 175104K, used 96K [0x00000006c0a00000, 0x00000006cb500000, 0x000000076ae00000)
  object space 175104K, 0% used [0x00000006c0a00000,0x00000006c0a18010,0x00000006cb500000)
 Metaspace       used 20791K, capacity 21100K, committed 21248K, reserved 1067008K
  class space    used 2682K, capacity 2768K, committed 2816K, reserved 1048576K
Event: 10.521 GC heap after
Heap after GC invocations=4 (full 1):
 PSYoungGen      total 76288K, used 0K [0x000000076ae00000, 0x0000000770300000, 0x00000007c0000000)
  eden space 65536K, 0% used [0x000000076ae00000,0x000000076ae00000,0x000000076ee00000)
  from space 10752K, 0% used [0x000000076ee00000,0x000000076ee00000,0x000000076f880000)
  to   space 10752K, 0% used [0x000000076f880000,0x000000076f880000,0x0000000770300000)
 ParOldGen       total 88064K, used 8244K [0x00000006c0a00000, 0x00000006c6000000, 0x000000076ae00000)
  object space 88064K, 9% used [0x00000006c0a00000,0x00000006c120d170,0x00000006c6000000)
 Metaspace       used 20791K, capacity 21100K, committed 21248K, reserved 1067008K
  class space    used 2682K, capacity 2768K, committed 2816K, reserved 1048576K
}

