# JRE version: Java(TM) SE Runtime Environment (8.0_181-b13) (build 1.8.0_181-b13)
# Java VM: Java HotSpot(TM) 64-Bit Server VM (25.181-b13 mixed mode windows-amd64 compressed oops)
Heap:
 PSYoungGen      total 76288K, used 36716K [0x000000076ae00000, 0x0000000770300000, 0x00000007c0000000)
  eden space 65536K, 56% used [0x000000076ae00000,0x000000076d1db198,0x000000076ee00000)
  from space 10752K, 0% used [0x000000076ee00000,0x000000076ee00000,0x000000076f880000)
  to   space 10752K, 0% used [0x000000076f880000,0x000000076f880000,0x0000000770300000)
 ParOldGen       total 74240K, used 8217K [0x00000006c0a00000, 0x00000006c5280000, 0x000000076ae00000)
  object space 74240K, 11% used [0x00000006c0a00000,0x00000006c12065b0,0x00000006c5280000)
 Metaspace       used 24209K, capacity 24616K, committed 24832K, reserved 1071104K
  class space    used 3141K, capacity 3249K, committed 3328K, reserved 1048576K
GC Heap History (8 events):
Event: 0.852 GC heap before
{Heap before GC invocations=1 (full 0):
 PSYoungGen      total 76288K, used 65536K [0x000000076ae00000, 0x0000000770300000, 0x00000007c0000000)
  eden space 65536K, 100% used [0x000000076ae00000,0x000000076ee00000,0x000000076ee00000)
  from space 10752K, 0% used [0x000000076f880000,0x000000076f880000,0x0000000770300000)
  to   space 10752K, 0% used [0x000000076ee00000,0x000000076ee00000,0x000000076f880000)
 ParOldGen       total 175104K, used 0K [0x00000006c0a00000, 0x00000006cb500000, 0x000000076ae00000)
  object space 175104K, 0% used [0x00000006c0a00000,0x00000006c0a00000,0x00000006cb500000)
 Metaspace       used 13535K, capacity 13780K, committed 13952K, reserved 1060864K
  class space    used 1715K, capacity 1796K, committed 1920K, reserved 1048576K
Event: 0.858 GC heap after
Heap after GC invocations=1 (full 0):
 PSYoungGen      total 76288K, used 6451K [0x000000076ae00000, 0x0000000770300000, 0x00000007c0000000)
  eden space 65536K, 0% used [0x000000076ae00000,0x000000076ae00000,0x000000076ee00000)
  from space 10752K, 60% used [0x000000076ee00000,0x000000076f44cef0,0x000000076f880000)
  to   space 10752K, 0% used [0x000000076f880000,0x000000076f880000,0x0000000770300000)
 ParOldGen       total 175104K, used 80K [0x00000006c0a00000, 0x00000006cb500000, 0x000000076ae00000)
  object space 175104K, 0% used [0x00000006c0a00000,0x00000006c0a14010,0x00000006cb500000)
 Metaspace       used 13535K, capacity 13780K, committed 13952K, reserved 1060864K
  class space    used 1715K, capacity 1796K, committed 1920K, reserved 1048576K
}
Event: 1.205 GC heap before
{Heap before GC invocations=2 (full 0):
 PSYoungGen      total 76288K, used 71987K [0x000000076ae00000, 0x0000000770300000, 0x00000007c0000000)
  eden space 65536K, 100% used [0x000000076ae00000,0x000000076ee00000,0x000000076ee00000)
  from space 10752K, 60% used [0x000000076ee00000,0x000000076f44cef0,0x000000076f880000)
  to   space 10752K, 0% used [0x000000076f880000,0x000000076f880000,0x0000000770300000)
 ParOldGen       total 175104K, used 80K [0x00000006c0a00000, 0x00000006cb500000, 0x000000076ae00000)
  object space 175104K, 0% used [0x00000006c0a00000,0x00000006c0a14010,0x00000006cb500000)
 Metaspace       used 17301K, capacity 17598K, committed 17920K, reserved 1064960K
  class space    used 2221K, capacity 2295K, committed 2304K, reserved 1048576K
Event: 1.211 GC heap after
Heap after GC invocations=2 (full 0):
 PSYoungGen      total 76288K, used 8081K [0x000000076ae00000, 0x0000000774300000, 0x00000007c0000000)
  eden space 65536K, 0% used [0x000000076ae00000,0x000000076ae00000,0x000000076ee00000)
  from space 10752K, 75% used [0x000000076f880000,0x0000000770064588,0x0000000770300000)
  to   space 10752K, 0% used [0x000000076ee00000,0x000000076ee00000,0x000000076f880000)
 ParOldGen       total 175104K, used 96K [0x00000006c0a00000, 0x00000006cb500000, 0x000000076ae00000)
  object space 175104K, 0% used [0x00000006c0a00000,0x00000006c0a18010,0x00000006cb500000)
 Metaspace       used 17301K, capacity 17598K, committed 17920K, reserved 1064960K
  class space    used 2221K, capacity 2295K, committed 2304K, reserved 1048576K
}
Event: 10.481 GC heap before
{Heap before GC invocations=3 (full 0):
 PSYoungGen      total 76288K, used 48694K [0x000000076ae00000, 0x0000000774300000, 0x00000007c0000000)
  eden space 65536K, 61% used [0x000000076ae00000,0x000000076d5a9450,0x000000076ee00000)
  from space 10752K, 75% used [0x000000076f880000,0x0000000770064588,0x0000000770300000)
  to   space 10752K, 0% used [0x000000076ee00000,0x000000076ee00000,0x000000076f880000)
 ParOldGen       total 175104K, used 96K [0x00000006c0a00000, 0x00000006cb500000, 0x000000076ae00000)
  object space 175104K, 0% used [0x00000006c0a00000,0x00000006c0a18010,0x00000006cb500000)
 Metaspace       used 20763K, capacity 21100K, committed 21248K, reserved 1067008K
  class space    used 2677K, capacity 2768K, committed 2816K, reserved 1048576K
Event: 10.487 GC heap after
Heap after GC invocations=3 (full 0):
 PSYoungGen      total 76288K, used 8376K [0x000000076ae00000, 0x0000000770300000, 0x00000007c0000000)
  eden space 65536K, 0% used [0x000000076ae00000,0x000000076ae00000,0x000000076ee00000)
  from space 10752K, 77% used [0x000000076ee00000,0x000000076f62e3a8,0x000000076f880000)
  to   space 10752K, 0% used [0x000000076f880000,0x000000076f880000,0x0000000770300000)
 ParOldGen       total 175104K, used 104K [0x00000006c0a00000, 0x00000006cb500000, 0x000000076ae00000)
  object space 175104K, 0% used [0x00000006c0a00000,0x00000006c0a1a010,0x00000006cb500000)
 Metaspace       used 20763K, capacity 21100K, committed 21248K, reserved 1067008K
  class space    used 2677K, capacity 2768K, committed 2816K, reserved 1048576K
}
Event: 10.487 GC heap before
{Heap before GC invocations=4 (full 1):
 PSYoungGen      total 76288K, used 8376K [0x000000076ae00000, 0x0000000770300000, 0x00000007c0000000)
  eden space 65536K, 0% used [0x000000076ae00000,0x000000076ae00000,0x000000076ee00000)
  from space 10752K, 77% used [0x000000076ee00000,0x000000076f62e3a8,0x000000076f880000)
  to   space 10752K, 0% used [0x000000076f880000,0x000000076f880000,0x0000000770300000)
 ParOldGen       total 175104K, used 104K [0x00000006c0a00000, 0x00000006cb500000, 0x000000076ae00000)
  object space 175104K, 0% used [0x00000006c0a00000,0x00000006c0a1a010,0x00000006cb500000)
 Metaspace       used 20763K, capacity 21100K, committed 21248K, reserved 1067008K
  class space    used 2677K, capacity 2768K, committed 2816K, reserved 1048576K
Event: 10.508 GC heap after
Heap after GC invocations=4 (full 1):
 PSYoungGen      total 76288K, used 0K [0x000000076ae00000, 0x0000000770300000, 0x00000007c0000000)
  eden space 65536K, 0% used [0x000000076ae00000,0x000000076ae00000,0x000000076ee00000)
  from space 10752K, 0% used [0x000000076ee00000,0x000000076ee00000,0x000000076f880000)
  to   space 10752K, 0% used [0x000000076f880000,0x000000076f880000,0x0000000770300000)
 ParOldGen       total 74240K, used 8217K [0x00000006c0a00000, 0x00000006c5280000, 0x000000076ae00000)
  object space 74240K, 11% used [0x00000006c0a00000,0x00000006c12065b0,0x00000006c5280000)
 Metaspace       used 20763K, capacity 21100K, committed 21248K, reserved 1067008K
  class space    used 2677K, capacity 2768K, committed 2816K, reserved 1048576K
}

